WARN  2020-03-05 12:08:43 unity.iconloader IconLoader.cpp:756 Unable to load icon file:/// at size -1x22: Can't open directory
Fontconfig warning: Directory/file mtime in the future. New fonts may not be detected.
Fontconfig warning: Directory/file mtime in the future. New fonts may not be detected.
Fontconfig warning: Directory/file mtime in the future. New fonts may not be detected.
Fontconfig warning: Directory/file mtime in the future. New fonts may not be detected.
Fontconfig warning: Directory/file mtime in the future. New fonts may not be detected.
javaldx: Could not find a Java Runtime Environment!
Warning: failed to read path from javaldx

(soffice:4805): Gdk-WARNING **: gdk_window_set_icon_list: icons too large
javaldx: Could not find a Java Runtime Environment!
Warning: failed to read path from javaldx

(soffice:4837): Gdk-WARNING **: gdk_window_set_icon_list: icons too large

(soffice:4837): Gdk-WARNING **: gdk_window_set_icon_list: icons too large
Fontconfig warning: Directory/file mtime in the future. New fonts may not be detected.
Fontconfig warning: Directory/file mtime in the future. New fonts may not be detected.

(process:4961): GLib-CRITICAL **: g_path_get_basename: assertion 'file_name != NULL' failed
Fontconfig warning: Directory/file mtime in the future. New fonts may not be detected.
Fontconfig warning: Directory/file mtime in the future. New fonts may not be detected.
Fontconfig warning: Directory/file mtime in the future. New fonts may not be detected.
Fontconfig warning: Directory/file mtime in the future. New fonts may not be detected.
Fontconfig warning: Directory/file mtime in the future. New fonts may not be detected.
Fontconfig warning: Directory/file mtime in the future. New fonts may not be detected.
Fontconfig warning: Directory/file mtime in the future. New fonts may not be detected.

(soffice:4837): Gdk-WARNING **: gdk_window_set_icon_list: icons too large

** (soffice:4837): WARNING **: Unknown event notification 36

** (soffice:4837): WARNING **: Unknown event notification 36
Fontconfig warning: Directory/file mtime in the future. New fonts may not be detected.
Fontconfig warning: Directory/file mtime in the future. New fonts may not be detected.

** (soffice:4837): WARNING **: Unknown event notification 36

** (soffice:4837): WARNING **: Unknown event notification 36
Fontconfig warning: Directory/file mtime in the future. New fonts may not be detected.

** (soffice:4837): WARNING **: Unknown event notification 36

** (soffice:4837): WARNING **: Unknown event notification 36
Fontconfig warning: Directory/file mtime in the future. New fonts may not be detected.
Fontconfig warning: Directory/file mtime in the future. New fonts may not be detected.
Fontconfig warning: Directory/file mtime in the future. New fonts may not be detected.
Fontconfig warning: Directory/file mtime in the future. New fonts may not be detected.
Fontconfig warning: Directory/file mtime in the future. New fonts may not be detected.
Fontconfig warning: Directory/file mtime in the future. New fonts may not be detected.
Fontconfig warning: Directory/file mtime in the future. New fonts may not be detected.
Fontconfig warning: Directory/file mtime in the future. New fonts may not be detected.
Fontconfig warning: Directory/file mtime in the future. New fonts may not be detected.
Fontconfig warning: Directory/file mtime in the future. New fonts may not be detected.
ATTENTION: default value of option force_s3tc_enable overridden by environment.
[5797:1:0305/122059.294455:ERROR:child_process_sandbox_support_impl_linux.cc(79)] FontService unique font name matching request did not receive a response.
[5797:1:0305/122059.295829:ERROR:child_process_sandbox_support_impl_linux.cc(79)] FontService unique font name matching request did not receive a response.
[5797:1:0305/122059.564169:ERROR:child_process_sandbox_support_impl_linux.cc(79)] FontService unique font name matching request did not receive a response.
[5797:1:0305/122059.565080:ERROR:child_process_sandbox_support_impl_linux.cc(79)] FontService unique font name matching request did not receive a response.
[5797:1:0305/122059.566680:ERROR:child_process_sandbox_support_impl_linux.cc(79)] FontService unique font name matching request did not receive a response.
[5797:1:0305/122059.567788:ERROR:child_process_sandbox_support_impl_linux.cc(79)] FontService unique font name matching request did not receive a response.
[6410:1:0305/122103.411089:ERROR:child_process_sandbox_support_impl_linux.cc(79)] FontService unique font name matching request did not receive a response.
[6410:1:0305/122103.412944:ERROR:child_process_sandbox_support_impl_linux.cc(79)] FontService unique font name matching request did not receive a response.
Fontconfig warning: Directory/file mtime in the future. New fonts may not be detected.
[6687:1:0305/122135.015005:ERROR:child_process_sandbox_support_impl_linux.cc(79)] FontService unique font name matching request did not receive a response.
[6687:1:0305/122135.015953:ERROR:child_process_sandbox_support_impl_linux.cc(79)] FontService unique font name matching request did not receive a response.
[6687:1:0305/122135.023354:ERROR:child_process_sandbox_support_impl_linux.cc(79)] FontService unique font name matching request did not receive a response.
[6687:1:0305/122135.024573:ERROR:child_process_sandbox_support_impl_linux.cc(79)] FontService unique font name matching request did not receive a response.
[6687:1:0305/122135.026728:ERROR:child_process_sandbox_support_impl_linux.cc(79)] FontService unique font name matching request did not receive a response.
[6687:1:0305/122135.027527:ERROR:child_process_sandbox_support_impl_linux.cc(79)] FontService unique font name matching request did not receive a response.
[6687:1:0305/122135.030984:ERROR:child_process_sandbox_support_impl_linux.cc(79)] FontService unique font name matching request did not receive a response.
[6687:1:0305/122135.031650:ERROR:child_process_sandbox_support_impl_linux.cc(79)] FontService unique font name matching request did not receive a response.
Fontconfig warning: Directory/file mtime in the future. New fonts may not be detected.
[6687:1:0305/122152.053624:ERROR:child_process_sandbox_support_impl_linux.cc(79)] FontService unique font name matching request did not receive a response.
[6687:1:0305/122152.054206:ERROR:child_process_sandbox_support_impl_linux.cc(79)] FontService unique font name matching request did not receive a response.
[6750:1:0305/122203.794923:ERROR:child_process_sandbox_support_impl_linux.cc(79)] FontService unique font name matching request did not receive a response.
[6750:1:0305/122203.796024:ERROR:child_process_sandbox_support_impl_linux.cc(79)] FontService unique font name matching request did not receive a response.
[6750:1:0305/122203.800785:ERROR:child_process_sandbox_support_impl_linux.cc(79)] FontService unique font name matching request did not receive a response.
[6750:1:0305/122203.801598:ERROR:child_process_sandbox_support_impl_linux.cc(79)] FontService unique font name matching request did not receive a response.
[6752:1:0305/122204.270747:ERROR:child_process_sandbox_support_impl_linux.cc(79)] FontService unique font name matching request did not receive a response.
[6752:1:0305/122204.271256:ERROR:child_process_sandbox_support_impl_linux.cc(79)] FontService unique font name matching request did not receive a response.
Fontconfig warning: Directory/file mtime in the future. New fonts may not be detected.
Fontconfig warning: Directory/file mtime in the future. New fonts may not be detected.
:1: parser error : Document is empty
ssh-rsa AAAAB3NzaC1yc2EAAAADAQABAAACAQC8zmvZyJUS16p3Tc+B+osXxdeyWyH/zIsgfSV3Vsmb
^
:1: parser error : Document is empty
ssh-rsa AAAAB3NzaC1yc2EAAAADAQABAAACAQC8zmvZyJUS16p3Tc+B+osXxdeyWyH/zIsgfSV3Vsmb
^
:1: parser error : Document is empty
ssh-rsa AAAAB3NzaC1yc2EAAAADAQABAAACAQC8zmvZyJUS16p3Tc+B+osXxdeyWyH/zIsgfSV3Vsmb
^

(soffice:4837): Gdk-WARNING **: gdk_window_set_icon_list: icons too large

(soffice:4837): Gdk-WARNING **: gdk_window_set_icon_list: icons too large
WARN  2020-03-05 12:22:57 unity <unknown>:0 Failed to fetch path: GDBus.Error:org.freedesktop.DBus.Error.UnknownMethod: No such interface 'org.ayatana.bamf.application' on object at path /org/ayatana/bamf/application/0x25f3770
WARN  2020-03-05 12:22:57 unity <unknown>:0 Failed to fetch path: GDBus.Error:org.freedesktop.DBus.Error.UnknownMethod: No such interface 'org.ayatana.bamf.application' on object at path /org/ayatana/bamf/application/0x25f3770
WARN  2020-03-05 12:22:57 unity <unknown>:0 Failed to fetch path: GDBus.Error:org.freedesktop.DBus.Error.UnknownMethod: No such interface 'org.ayatana.bamf.application' on object at path /org/ayatana/bamf/application/0x25f3770
WARN  2020-03-05 12:22:57 unity <unknown>:0 Failed to fetch path: GDBus.Error:org.freedesktop.DBus.Error.UnknownMethod: No such interface 'org.ayatana.bamf.application' on object at path /org/ayatana/bamf/application/0x25f3770
WARN  2020-03-05 12:22:57 unity <unknown>:0 Failed to fetch path: GDBus.Error:org.freedesktop.DBus.Error.UnknownMethod: No such interface 'org.ayatana.bamf.application' on object at path /org/ayatana/bamf/application/0x25f3770

** (soffice:4837): WARNING **: Unknown event notification 36
Fontconfig warning: Directory/file mtime in the future. New fonts may not be detected.
Fontconfig warning: Directory/file mtime in the future. New fonts may not be detected.
Fontconfig warning: Directory/file mtime in the future. New fonts may not be detected.
